\BOOKMARK [-1][]{thuchapter.1.-1}{\376\377\143\250\203\120\174\373\176\337\116\055\166\204\145\160\143\156\215\104\116\247\116\367\120\074\213\304\117\060\040\024\040\024\127\372\116\216\213\255\176\303\122\250\122\233\133\146\166\204\150\257\136\246\155\101\116\343\164\006\143\007\150\007}{}% 1
\BOOKMARK [0][]{thuchapter.2.0}{\376\377\116\055\145\207\144\130\211\201}{thuchapter.1.-1}% 2
\BOOKMARK [0][]{thuchapter.3.0}{\376\377\166\356\137\125}{thuchapter.1.-1}% 3
\BOOKMARK [0][]{thuchapter.4.0}{\376\377\116\073\211\201\173\046\123\367\210\150}{thuchapter.1.-1}% 4
\BOOKMARK [0][]{chapter.1}{\376\377\173\054\0001\172\340\000\040\137\025\212\000}{thuchapter.1.-1}% 5
\BOOKMARK [0][]{chapter.2}{\376\377\173\054\0002\172\340\000\040\166\370\121\163\135\345\117\134\116\016\145\271\154\325}{thuchapter.1.-1}% 6
\BOOKMARK [1][-]{section.2.1}{\376\377\0002\000.\0001\000\040\166\370\121\163\135\345\117\134\116\016\225\356\230\230\122\006\147\220}{chapter.2}% 7
\BOOKMARK [2][-]{subsection.2.1.1}{\376\377\0002\000.\0001\000.\0001\000\040\225\356\230\230\137\142\137\017\123\026}{section.2.1}% 8
\BOOKMARK [2][-]{subsection.2.1.2}{\376\377\0002\000.\0001\000.\0002\000\040\000S\000h\000a\000p\000l\000e\000y\000-\000b\000a\000s\000e\000d\000\040\000D\000a\000t\000a\000\040\000V\000a\000l\000u\000a\000t\000i\000o\000n}{section.2.1}% 9
\BOOKMARK [2][-]{subsection.2.1.3}{\376\377\0002\000.\0001\000.\0003\000\040\000I\000n\000f\000l\000u\000e\000n\000c\000e\000\040\000F\000u\000n\000c\000t\000i\000o\000n\000-\000b\000a\000s\000e\000d\000\040\000M\000e\000t\000h\000o\000d\000s}{section.2.1}% 10
\BOOKMARK [2][-]{subsection.2.1.4}{\376\377\0002\000.\0001\000.\0004\000\040\000T\000r\000a\000c\000I\000n}{section.2.1}% 11
\BOOKMARK [1][-]{section.2.2}{\376\377\0002\000.\0002\000\040\145\160\143\156\116\367\120\074\213\304\117\060\166\204\116\015\123\357\200\375\140\047}{chapter.2}% 12
\BOOKMARK [2][-]{subsection.2.2.1}{\376\377\0002\000.\0002\000.\0001\000\040\164\006\140\363\140\047\215\050}{section.2.2}% 13
\BOOKMARK [1][-]{section.2.3}{\376\377\0002\000.\0003\000\040\127\372\116\216\213\255\176\303\122\250\122\233\133\146\166\204\121\154\164\006\123\026\145\160\143\156\116\367\120\074}{chapter.2}% 14
\BOOKMARK [2][-]{subsection.2.3.1}{\376\377\0002\000.\0003\000.\0001\000\040\121\154\164\006\117\123\174\373}{section.2.3}% 15
\BOOKMARK [1][-]{section.2.4}{\376\377\0002\000.\0004\000\040\145\271\154\325\213\272\377\032\145\160\143\156\116\367\120\074\213\304\117\060\166\204\122\250\140\001\150\106\147\266}{chapter.2}% 16
\BOOKMARK [2][-]{subsection.2.4.1}{\376\377\0002\000.\0004\000.\0001\000\040\145\160\143\156\116\367\120\074\155\101\377\032\116\316\167\254\145\366\137\161\124\315\122\060\175\057\171\357\116\367\120\074}{section.2.4}% 17
\BOOKMARK [2][-]{subsection.2.4.2}{\376\377\0002\000.\0004\000.\0002\000\040\145\160\143\156\116\367\120\074\166\204\226\066\153\265\122\006\211\343}{section.2.4}% 18
\BOOKMARK [2][-]{subsection.2.4.3}{\376\377\0002\000.\0004\000.\0003\000\040\116\316\000\040\000P\000D\000V\000\040\122\060\116\000\226\066\217\321\117\074}{section.2.4}% 19
\BOOKMARK [2][-]{subsection.2.4.4}{\376\377\0002\000.\0004\000.\0004\000\040\000S\000I\000F\377\032\226\366\226\066\217\321\117\074}{section.2.4}% 20
\BOOKMARK [2][-]{subsection.2.4.5}{\376\377\0002\000.\0004\000.\0005\000\040\000S\000I\000F\116\016\000D\000V\000F\166\204\217\321\117\074\213\357\135\356\165\114}{section.2.4}% 21
\BOOKMARK [2][-]{subsection.2.4.6}{\376\377\0002\000.\0004\000.\0006\000\040\000S\000I\000F\000+\377\032\146\362\163\207\117\356\153\143}{section.2.4}% 22
\BOOKMARK [2][-]{subsection.2.4.7}{\376\377\0002\000.\0004\000.\0007\000\040\000S\000I\000F\000+\000\040\166\204\147\000\117\030\140\047}{section.2.4}% 23
\BOOKMARK [3][-]{subsubsection.2.4.7.1}{\376\377\0002\000.\0004\000.\0007\000.\0001\000\040\137\161\124\315\121\375\145\160}{subsection.2.4.7}% 24
\BOOKMARK [3][-]{subsubsection.2.4.7.2}{\376\377\0002\000.\0004\000.\0007\000.\0002\000\040\000T\000r\000a\000c\000I\000n}{subsection.2.4.7}% 25
\BOOKMARK [3][-]{subsubsection.2.4.7.3}{\376\377\0002\000.\0004\000.\0007\000.\0003\000\040\145\160\143\156\000S\000h\000a\000p\000l\000e\000y\120\074}{subsection.2.4.7}% 26
\BOOKMARK [2][-]{subsection.2.4.8}{\376\377\0002\000.\0004\000.\0008\000\040\126\340\147\234\116\000\201\364\140\047\166\204\127\372\176\277\213\276\133\232}{section.2.4}% 27
\BOOKMARK [0][]{chapter.3}{\376\377\173\054\0003\172\340\000\040\133\236\232\214\213\276\213\241\116\016\116\377\167\037\232\214\213\301}{thuchapter.1.-1}% 28
\BOOKMARK [1][-]{section.3.1}{\376\377\0003\000.\0001\000\040\133\236\232\214\145\271\154\325\140\073\211\310}{chapter.3}% 29
\BOOKMARK [1][-]{section.3.2}{\376\377\0003\000.\0002\000\040\145\160\143\156\147\145\156\220}{chapter.3}% 30
\BOOKMARK [1][-]{section.3.3}{\376\377\0003\000.\0003\000\040\226\066\153\265\116\000\377\032\176\337\116\000\145\160\143\156\121\306\131\007\116\016\177\023\133\130}{chapter.3}% 31
\BOOKMARK [1][-]{section.3.4}{\376\377\0003\000.\0004\000\040\226\066\153\265\116\214\377\032\000M\000L\000P\127\372\121\306\143\250\203\120\152\041\127\213\213\255\176\303}{chapter.3}% 32
\BOOKMARK [1][-]{section.3.5}{\376\377\0003\000.\0005\000\040\226\066\153\265\116\011\377\032\000S\000I\000F\116\016\226\066\153\265\000D\000V\000F\117\060\120\074}{chapter.3}% 33
\BOOKMARK [1][-]{section.3.6}{\376\377\0003\000.\0006\000\040\226\066\153\265\126\333\377\032\134\017\150\067\147\054\137\122\126\340\133\371\153\324\232\214\213\301}{chapter.3}% 34
\BOOKMARK [1][-]{section.3.7}{\376\377\0003\000.\0007\000\040\145\271\154\325\133\236\163\260\116\016\131\015\163\260\213\364\146\016}{chapter.3}% 35
\BOOKMARK [1][-]{section.3.8}{\376\377\0003\000.\0008\000\040\232\214\213\301\123\343\137\204}{chapter.3}% 36
\BOOKMARK [1][-]{section.3.9}{\376\377\0003\000.\0009\000\040\176\323\147\234\217\271\165\114\116\016\124\016\176\355\135\345\117\134\213\364\146\016}{chapter.3}% 37
\BOOKMARK [1][-]{section.3.10}{\376\377\0003\000.\0001\0000\000\040\116\073\176\323\147\234}{chapter.3}% 38
\BOOKMARK [0][]{chapter.4}{\376\377\173\054\0004\172\340\000\040\176\323\213\272\116\016\213\250\213\272}{thuchapter.1.-1}% 39
\BOOKMARK [1][-]{section.4.1}{\376\377\0004\000.\0001\000\040\176\323\213\272}{chapter.4}% 40
\BOOKMARK [1][-]{section.4.2}{\376\377\0004\000.\0002\000\040\136\224\165\050\122\115\146\157\116\016\213\250\213\272}{chapter.4}% 41
\BOOKMARK [2][-]{subsection.4.2.1}{\376\377\0004\000.\0002\000.\0001\000\040\145\271\154\325\134\100\226\120\140\047\122\006\147\220}{section.4.2}% 42
\BOOKMARK [2][-]{subsection.4.2.2}{\376\377\0004\000.\0002\000.\0002\000\040\125\106\116\032\136\224\165\050\116\367\120\074}{section.4.2}% 43
\BOOKMARK [2][-]{subsection.4.2.3}{\376\377\0004\000.\0002\000.\0003\000\040\147\052\147\145\135\345\117\134\134\125\147\033}{section.4.2}% 44
\BOOKMARK [0][]{section*.20}{\376\377\123\302\200\003\145\207\163\056}{thuchapter.1.-1}% 45
